[2018-12-16 16:11:35] INFO [main] ContextStartEventHandler.onApplicationEvent(11) | WELCOME TO KMA IOT!
[2018-12-16 16:12:04] INFO [http-nio-8080-exec-1] UserDAOimpl.Insert(45) | Insert user 01698749499 done!
[2018-12-16 16:12:04] INFO [http-nio-8080-exec-1] UserAuthProvider.authenticate(30) | --------------------- > Found edu.kma.iot.dao.model.User@1297b626 by 01698749499<-----------------------
[2018-12-16 16:13:07] INFO [main] ContextStartEventHandler.onApplicationEvent(11) | WELCOME TO KMA IOT!
[2018-12-16 16:13:34] INFO [http-nio-8080-exec-2] UserAuthProvider.authenticate(30) | --------------------- > Found edu.kma.iot.dao.model.User@1506b94c by 01698749499<-----------------------
[2018-12-16 16:18:25] INFO [main] ContextStartEventHandler.onApplicationEvent(11) | WELCOME TO KMA IOT!
[2018-12-16 16:18:40] INFO [http-nio-8080-exec-3] UserAuthProvider.authenticate(30) | --------------------- > Found edu.kma.iot.dao.model.User@2135d6d5 by 01698749499<-----------------------
[2018-12-16 16:23:22] INFO [main] ContextStartEventHandler.onApplicationEvent(11) | WELCOME TO KMA IOT!
[2018-12-16 16:23:44] INFO [http-nio-8080-exec-2] UserAuthProvider.authenticate(30) | --------------------- > Found edu.kma.iot.dao.model.User@20776e08 by 01698749499<-----------------------
[2018-12-16 16:28:01] INFO [main] ContextStartEventHandler.onApplicationEvent(11) | WELCOME TO KMA IOT!
[2018-12-16 16:28:21] INFO [http-nio-8080-exec-2] UserAuthProvider.authenticate(30) | --------------------- > Found edu.kma.iot.dao.model.User@4ed6ebd9 by 01698749499<-----------------------
[2018-12-16 16:41:16] INFO [main] ContextStartEventHandler.onApplicationEvent(11) | WELCOME TO KMA IOT!
[2018-12-16 16:42:01] INFO [http-nio-8080-exec-2] UserAuthProvider.authenticate(30) | --------------------- > Found edu.kma.iot.dao.model.User@1dfff17a by 01698749499<-----------------------
[2018-12-16 16:43:34] INFO [main] ContextStartEventHandler.onApplicationEvent(11) | WELCOME TO KMA IOT!
[2018-12-16 16:43:43] INFO [http-nio-8080-exec-2] UserAuthProvider.authenticate(30) | --------------------- > Found edu.kma.iot.dao.model.User@45720e0e by 01698749499<-----------------------
[2018-12-16 16:45:21] INFO [main] ContextStartEventHandler.onApplicationEvent(11) | WELCOME TO KMA IOT!
[2018-12-16 16:45:44] INFO [http-nio-8080-exec-2] UserAuthProvider.authenticate(30) | --------------------- > Found edu.kma.iot.dao.model.User@e385e18 by 01698749499<-----------------------
[2018-12-16 19:19:27] INFO [main] ContextStartEventHandler.onApplicationEvent(11) | WELCOME TO KMA IOT!
[2018-12-16 19:19:56] INFO [http-nio-8080-exec-2] UserAuthProvider.authenticate(30) | --------------------- > Found edu.kma.iot.dao.model.User@28f7a31b by 01698749499<-----------------------
[2018-12-16 19:20:42] INFO [http-nio-8080-exec-9] DeviceDAOimpl.insert(42) | Insert device afff-gre-5434-feee-hkods done!
[2018-12-16 19:28:38] INFO [main] ContextStartEventHandler.onApplicationEvent(11) | WELCOME TO KMA IOT!
[2018-12-16 19:29:53] INFO [http-nio-8080-exec-5] UserAuthProvider.authenticate(30) | --------------------- > Found edu.kma.iot.dao.model.User@55ef8f1c by 01698749499<-----------------------
[2018-12-16 19:33:03] INFO [main] ContextStartEventHandler.onApplicationEvent(11) | WELCOME TO KMA IOT!
[2018-12-16 19:34:06] INFO [http-nio-8080-exec-2] UserAuthProvider.authenticate(30) | --------------------- > Found edu.kma.iot.dao.model.User@79cfe653 by 01698749499<-----------------------
[2018-12-16 19:37:49] INFO [main] ContextStartEventHandler.onApplicationEvent(11) | WELCOME TO KMA IOT!
[2018-12-16 19:38:34] INFO [main] ContextStartEventHandler.onApplicationEvent(11) | WELCOME TO KMA IOT!
[2018-12-16 19:39:16] INFO [main] ContextStartEventHandler.onApplicationEvent(11) | WELCOME TO KMA IOT!
[2018-12-16 19:39:34] INFO [http-nio-8080-exec-3] UserAuthProvider.authenticate(30) | --------------------- > Found edu.kma.iot.dao.model.User@1e66b0a6 by 01698749499<-----------------------
[2018-12-16 19:40:36] INFO [http-nio-8080-exec-1] DeviceDAOimpl.insert(42) | Insert device afff-gre-5434-feee-hkodf done!
[2018-12-16 21:59:31] INFO [main] ContextStartEventHandler.onApplicationEvent(11) | WELCOME TO KMA IOT!
[2018-12-16 22:00:38] INFO [main] ContextStartEventHandler.onApplicationEvent(11) | WELCOME TO KMA IOT!
[2018-12-16 22:00:57] INFO [http-nio-8080-exec-3] UserAuthProvider.authenticate(30) | --------------------- > Found edu.kma.iot.dao.model.User@33f74e8a by 01698749499<-----------------------
[2018-12-16 22:08:53] INFO [main] ContextStartEventHandler.onApplicationEvent(11) | WELCOME TO KMA IOT!
[2018-12-16 22:09:29] INFO [http-nio-8080-exec-2] UserAuthProvider.authenticate(30) | --------------------- > Found edu.kma.iot.dao.model.User@2ab46f0e by 01698749499<-----------------------
[2018-12-16 22:14:18] INFO [main] ContextStartEventHandler.onApplicationEvent(11) | WELCOME TO KMA IOT!
[2018-12-16 22:14:39] INFO [http-nio-8080-exec-3] UserAuthProvider.authenticate(30) | --------------------- > Found edu.kma.iot.dao.model.User@166a5d50 by 01698749499<-----------------------
[2018-12-16 22:15:24] INFO [main] ContextStartEventHandler.onApplicationEvent(11) | WELCOME TO KMA IOT!
[2018-12-16 22:15:58] INFO [http-nio-8080-exec-3] UserAuthProvider.authenticate(30) | --------------------- > Found edu.kma.iot.dao.model.User@1e0bd92b by 01698749499<-----------------------
[2018-12-16 22:29:39] INFO [main] ContextStartEventHandler.onApplicationEvent(11) | WELCOME TO KMA IOT!
[2018-12-16 22:30:28] INFO [http-nio-8080-exec-3] UserAuthProvider.authenticate(30) | --------------------- > Found edu.kma.iot.dao.model.User@2dd741ed by 01698749499<-----------------------
[2018-12-16 22:31:00] INFO [main] ContextStartEventHandler.onApplicationEvent(11) | WELCOME TO KMA IOT!
[2018-12-16 22:31:22] INFO [http-nio-8080-exec-3] UserAuthProvider.authenticate(30) | --------------------- > Found edu.kma.iot.dao.model.User@35653e73 by 01698749499<-----------------------
[2018-12-16 22:32:13] INFO [main] ContextStartEventHandler.onApplicationEvent(11) | WELCOME TO KMA IOT!
[2018-12-16 22:33:04] INFO [http-nio-8080-exec-5] UserAuthProvider.authenticate(30) | --------------------- > Found edu.kma.iot.dao.model.User@7080226c by 01698749499<-----------------------
[2018-12-16 22:43:36] INFO [main] ContextStartEventHandler.onApplicationEvent(11) | WELCOME TO KMA IOT!
[2018-12-16 22:43:51] INFO [http-nio-8080-exec-2] UserAuthProvider.authenticate(30) | --------------------- > Found edu.kma.iot.dao.model.User@18581ba3 by 01698749499<-----------------------
[2018-12-16 22:54:40] INFO [main] ContextStartEventHandler.onApplicationEvent(11) | WELCOME TO KMA IOT!
[2018-12-16 22:57:46] INFO [http-nio-8080-exec-5] UserAuthProvider.authenticate(30) | --------------------- > Found edu.kma.iot.dao.model.User@35653e73 by 01698749499<-----------------------
[2018-12-16 23:00:34] INFO [main] ContextStartEventHandler.onApplicationEvent(11) | WELCOME TO KMA IOT!
[2018-12-16 23:01:40] INFO [http-nio-8080-exec-3] UserAuthProvider.authenticate(30) | --------------------- > Found edu.kma.iot.dao.model.User@57d894ca by 01698749499<-----------------------
[2018-12-16 23:06:59] INFO [main] ContextStartEventHandler.onApplicationEvent(11) | WELCOME TO KMA IOT!
[2018-12-16 23:08:31] INFO [http-nio-8080-exec-2] UserAuthProvider.authenticate(30) | --------------------- > Found edu.kma.iot.dao.model.User@5829e401 by 01698749499<-----------------------
[2018-12-16 23:09:20] INFO [main] ContextStartEventHandler.onApplicationEvent(11) | WELCOME TO KMA IOT!
[2018-12-16 23:09:42] INFO [http-nio-8080-exec-2] UserAuthProvider.authenticate(30) | --------------------- > Found edu.kma.iot.dao.model.User@649bfed6 by 01698749499<-----------------------
[2018-12-16 23:10:18] INFO [main] ContextStartEventHandler.onApplicationEvent(11) | WELCOME TO KMA IOT!
[2018-12-16 23:10:51] INFO [http-nio-8080-exec-2] UserAuthProvider.authenticate(30) | --------------------- > Found edu.kma.iot.dao.model.User@dcc41ee by 01698749499<-----------------------
[2018-12-16 23:13:41] INFO [main] ContextStartEventHandler.onApplicationEvent(11) | WELCOME TO KMA IOT!
[2018-12-16 23:13:52] INFO [http-nio-8080-exec-2] UserAuthProvider.authenticate(30) | --------------------- > Found edu.kma.iot.dao.model.User@712aace4 by 01698749499<-----------------------
[2018-12-16 23:18:52] INFO [main] ContextStartEventHandler.onApplicationEvent(11) | WELCOME TO KMA IOT!
[2018-12-16 23:19:13] INFO [http-nio-8080-exec-2] UserAuthProvider.authenticate(30) | --------------------- > Found edu.kma.iot.dao.model.User@649bfed6 by 01698749499<-----------------------
[2018-12-16 23:21:48] INFO [main] ContextStartEventHandler.onApplicationEvent(11) | WELCOME TO KMA IOT!
[2018-12-16 23:21:59] INFO [http-nio-8080-exec-2] UserAuthProvider.authenticate(30) | --------------------- > Found edu.kma.iot.dao.model.User@2210c1cd by 01698749499<-----------------------
[2018-12-16 23:24:12] INFO [main] ContextStartEventHandler.onApplicationEvent(11) | WELCOME TO KMA IOT!
[2018-12-16 23:25:14] INFO [http-nio-8080-exec-3] UserAuthProvider.authenticate(30) | --------------------- > Found edu.kma.iot.dao.model.User@712aace4 by 01698749499<-----------------------
[2018-12-16 23:27:39] INFO [main] ContextStartEventHandler.onApplicationEvent(11) | WELCOME TO KMA IOT!
[2018-12-16 23:27:46] INFO [http-nio-8080-exec-3] UserAuthProvider.authenticate(30) | --------------------- > Found edu.kma.iot.dao.model.User@1561894e by 01698749499<-----------------------
[2018-12-16 23:29:47] INFO [main] ContextStartEventHandler.onApplicationEvent(11) | WELCOME TO KMA IOT!
[2018-12-16 23:32:23] INFO [http-nio-8080-exec-2] UserAuthProvider.authenticate(30) | --------------------- > Found edu.kma.iot.dao.model.User@c58210a by 01698749499<-----------------------
